2020-05-11 02:39:36.073  WARN 12496 --- [Thread-3] com.netflix.discovery.DiscoveryClient    : Saw local status change event StatusChangeEvent [timestamp=1589144976043, current=DOWN, previous=UP]
2020-05-11 02:39:52.236  WARN 12496 --- [restartedMain] c.c.c.ConfigServicePropertySourceLocator : Could not locate PropertySource: 500 : [{"timestamp":"2020-05-10T21:09:52.233+0000","status":500,"error":"Internal Server Error","message":"GENERAL","trace":"com.netflix.zuul.exception.ZuulException: Forwarding error\r\n\tat org.springframe... (16151 bytes)]
2020-05-11 02:39:52.238  INFO 12496 --- [restartedMain] com.cg.realestate.LoginApplication       : No active profile set, falling back to default profiles: default
2020-05-11 02:39:55.723  WARN 12496 --- [restartedMain] c.n.c.sources.URLConfigurationSource     : No URLs will be polled as dynamic configuration sources.
2020-05-11 02:39:57.210  WARN 12496 --- [restartedMain] o.s.b.d.a.OptionalLiveReloadServer       : Unable to start LiveReload server
2020-05-11 02:39:58.278  WARN 12496 --- [restartedMain] c.n.c.sources.URLConfigurationSource     : No URLs will be polled as dynamic configuration sources.
2020-05-11 02:39:59.407  WARN 12496 --- [restartedMain] ockingLoadBalancerClientRibbonWarnLogger : You already have RibbonLoadBalancerClient on your classpath. It will be used by default. As Spring Cloud Ribbon is in maintenance mode. We recommend switching to BlockingLoadBalancerClient instead. In order to use it, set the value of `spring.cloud.loadbalancer.ribbon.enabled` to `false` or remove spring-cloud-starter-netflix-ribbon from your project.
2020-05-11 02:40:03.372  INFO 12496 --- [restartedMain] com.cg.realestate.LoginApplication       : Started LoginApplication in 14.433 seconds (JVM running for 10616.171)
2020-05-11 02:40:24.775  WARN 12496 --- [Thread-12] com.netflix.discovery.DiscoveryClient    : Saw local status change event StatusChangeEvent [timestamp=1589145024775, current=DOWN, previous=UP]
2020-05-11 02:40:29.728  WARN 12496 --- [restartedMain] c.c.c.ConfigServicePropertySourceLocator : Could not locate PropertySource: 500 : [{"timestamp":"2020-05-10T21:10:29.723+0000","status":500,"error":"Internal Server Error","message":"GENERAL","trace":"com.netflix.zuul.exception.ZuulException: Forwarding error\r\n\tat org.springframe... (12889 bytes)]
2020-05-11 02:40:29.730  INFO 12496 --- [restartedMain] com.cg.realestate.LoginApplication       : No active profile set, falling back to default profiles: default
2020-05-11 02:40:31.036  WARN 12496 --- [restartedMain] c.n.c.sources.URLConfigurationSource     : No URLs will be polled as dynamic configuration sources.
2020-05-11 02:40:31.996  WARN 12496 --- [restartedMain] c.n.c.sources.URLConfigurationSource     : No URLs will be polled as dynamic configuration sources.
2020-05-11 02:40:32.126  WARN 12496 --- [restartedMain] o.s.b.d.a.OptionalLiveReloadServer       : Unable to start LiveReload server
2020-05-11 02:40:32.869  WARN 12496 --- [restartedMain] ockingLoadBalancerClientRibbonWarnLogger : You already have RibbonLoadBalancerClient on your classpath. It will be used by default. As Spring Cloud Ribbon is in maintenance mode. We recommend switching to BlockingLoadBalancerClient instead. In order to use it, set the value of `spring.cloud.loadbalancer.ribbon.enabled` to `false` or remove spring-cloud-starter-netflix-ribbon from your project.
2020-05-11 02:40:34.219  INFO 12496 --- [restartedMain] com.cg.realestate.LoginApplication       : Started LoginApplication in 5.651 seconds (JVM running for 10647.018)
2020-05-11 02:40:34.763  WARN 12496 --- [Thread-20] com.netflix.discovery.DiscoveryClient    : Saw local status change event StatusChangeEvent [timestamp=1589145034763, current=DOWN, previous=UP]
2020-05-11 02:40:40.434  WARN 12496 --- [restartedMain] c.c.c.ConfigServicePropertySourceLocator : Could not locate PropertySource: 500 : [{"timestamp":"2020-05-10T21:10:40.430+0000","status":500,"error":"Internal Server Error","message":"GENERAL","trace":"com.netflix.zuul.exception.ZuulException: Forwarding error\r\n\tat org.springframe... (12889 bytes)]
2020-05-11 02:40:40.436  INFO 12496 --- [restartedMain] com.cg.realestate.LoginApplication       : No active profile set, falling back to default profiles: default
2020-05-11 02:40:42.318  WARN 12496 --- [restartedMain] c.n.c.sources.URLConfigurationSource     : No URLs will be polled as dynamic configuration sources.
2020-05-11 02:40:43.426  WARN 12496 --- [restartedMain] c.n.c.sources.URLConfigurationSource     : No URLs will be polled as dynamic configuration sources.
2020-05-11 02:40:43.545  WARN 12496 --- [restartedMain] o.s.b.d.a.OptionalLiveReloadServer       : Unable to start LiveReload server
2020-05-11 02:40:44.096  WARN 12496 --- [restartedMain] ockingLoadBalancerClientRibbonWarnLogger : You already have RibbonLoadBalancerClient on your classpath. It will be used by default. As Spring Cloud Ribbon is in maintenance mode. We recommend switching to BlockingLoadBalancerClient instead. In order to use it, set the value of `spring.cloud.loadbalancer.ribbon.enabled` to `false` or remove spring-cloud-starter-netflix-ribbon from your project.
2020-05-11 02:40:44.720  INFO 12496 --- [restartedMain] com.cg.realestate.LoginApplication       : Started LoginApplication in 5.414 seconds (JVM running for 10657.519)
2020-05-11 02:41:20.319  WARN 12496 --- [Thread-28] com.netflix.discovery.DiscoveryClient    : Saw local status change event StatusChangeEvent [timestamp=1589145080319, current=DOWN, previous=UP]
2020-05-11 02:41:27.620  WARN 12496 --- [restartedMain] c.c.c.ConfigServicePropertySourceLocator : Could not locate PropertySource: 500 : [{"timestamp":"2020-05-10T21:11:27.615+0000","status":500,"error":"Internal Server Error","message":"GENERAL","trace":"com.netflix.zuul.exception.ZuulException: Forwarding error\r\n\tat org.springframe... (16151 bytes)]
2020-05-11 02:41:27.622  INFO 12496 --- [restartedMain] com.cg.realestate.LoginApplication       : No active profile set, falling back to default profiles: default
2020-05-11 02:41:28.871  WARN 12496 --- [restartedMain] c.n.c.sources.URLConfigurationSource     : No URLs will be polled as dynamic configuration sources.
2020-05-11 02:41:29.946  WARN 12496 --- [restartedMain] c.n.c.sources.URLConfigurationSource     : No URLs will be polled as dynamic configuration sources.
2020-05-11 02:41:30.076  WARN 12496 --- [restartedMain] o.s.b.d.a.OptionalLiveReloadServer       : Unable to start LiveReload server
2020-05-11 02:41:30.793  WARN 12496 --- [restartedMain] ockingLoadBalancerClientRibbonWarnLogger : You already have RibbonLoadBalancerClient on your classpath. It will be used by default. As Spring Cloud Ribbon is in maintenance mode. We recommend switching to BlockingLoadBalancerClient instead. In order to use it, set the value of `spring.cloud.loadbalancer.ribbon.enabled` to `false` or remove spring-cloud-starter-netflix-ribbon from your project.
2020-05-11 02:41:31.501  INFO 12496 --- [restartedMain] com.cg.realestate.LoginApplication       : Started LoginApplication in 5.764 seconds (JVM running for 10704.3)
2020-05-11 02:41:35.736  WARN 12496 --- [Thread-36] com.netflix.discovery.DiscoveryClient    : Saw local status change event StatusChangeEvent [timestamp=1589145095736, current=DOWN, previous=UP]
